# JRE version: Java(TM) SE Runtime Environment (8.0_72-b15) (build 1.8.0_72-b15)
# Java VM: Java HotSpot(TM) 64-Bit Server VM (25.72-b15 mixed mode windows-amd64 compressed oops)
Heap:
 PSYoungGen      total 15360K, used 15218K [0x00000000eef00000, 0x00000000f0000000, 0x0000000100000000)
  eden space 13312K, 99% used [0x00000000eef00000,0x00000000efbe4800,0x00000000efc00000)
  from space 2048K, 98% used [0x00000000efe00000,0x00000000efff8020,0x00000000f0000000)
  to   space 2048K, 0% used [0x00000000efc00000,0x00000000efc00000,0x00000000efe00000)
 ParOldGen       total 35840K, used 2727K [0x00000000ccc00000, 0x00000000cef00000, 0x00000000eef00000)
  object space 35840K, 7% used [0x00000000ccc00000,0x00000000ccea9c18,0x00000000cef00000)
 Metaspace       used 17797K, capacity 18454K, committed 18560K, reserved 1064960K
  class space    used 2410K, capacity 2582K, committed 2688K, reserved 1048576K
GC Heap History (4 events):
Event: 2.687 GC heap before
{Heap before GC invocations=1 (full 0):
 PSYoungGen      total 15360K, used 13312K [0x00000000eef00000, 0x00000000f0000000, 0x0000000100000000)
  eden space 13312K, 100% used [0x00000000eef00000,0x00000000efc00000,0x00000000efc00000)
  from space 2048K, 0% used [0x00000000efe00000,0x00000000efe00000,0x00000000f0000000)
  to   space 2048K, 0% used [0x00000000efc00000,0x00000000efc00000,0x00000000efe00000)
 ParOldGen       total 35840K, used 0K [0x00000000ccc00000, 0x00000000cef00000, 0x00000000eef00000)
  object space 35840K, 0% used [0x00000000ccc00000,0x00000000ccc00000,0x00000000cef00000)
 Metaspace       used 9490K, capacity 9768K, committed 9984K, reserved 1058816K
  class space    used 1126K, capacity 1230K, committed 1280K, reserved 1048576K
Event: 2.693 GC heap after
Heap after GC invocations=1 (full 0):
 PSYoungGen      total 15360K, used 2032K [0x00000000eef00000, 0x00000000f0000000, 0x0000000100000000)
  eden space 13312K, 0% used [0x00000000eef00000,0x00000000eef00000,0x00000000efc00000)
  from space 2048K, 99% used [0x00000000efc00000,0x00000000efdfc040,0x00000000efe00000)
  to   space 2048K, 0% used [0x00000000efe00000,0x00000000efe00000,0x00000000f0000000)
 ParOldGen       total 35840K, used 530K [0x00000000ccc00000, 0x00000000cef00000, 0x00000000eef00000)
  object space 35840K, 1% used [0x00000000ccc00000,0x00000000ccc84be8,0x00000000cef00000)
 Metaspace       used 9490K, capacity 9768K, committed 9984K, reserved 1058816K
  class space    used 1126K, capacity 1230K, committed 1280K, reserved 1048576K
}
Event: 3.207 GC heap before
{Heap before GC invocations=2 (full 0):
 PSYoungGen      total 15360K, used 15344K [0x00000000eef00000, 0x00000000f0000000, 0x0000000100000000)
  eden space 13312K, 100% used [0x00000000eef00000,0x00000000efc00000,0x00000000efc00000)
  from space 2048K, 99% used [0x00000000efc00000,0x00000000efdfc040,0x00000000efe00000)
  to   space 2048K, 0% used [0x00000000efe00000,0x00000000efe00000,0x00000000f0000000)
 ParOldGen       total 35840K, used 530K [0x00000000ccc00000, 0x00000000cef00000, 0x00000000eef00000)
  object space 35840K, 1% used [0x00000000ccc00000,0x00000000ccc84be8,0x00000000cef00000)
 Metaspace       used 14728K, capacity 15242K, committed 15488K, reserved 1062912K
  class space    used 1993K, capacity 2158K, committed 2176K, reserved 1048576K
Event: 3.215 GC heap after
Heap after GC invocations=2 (full 0):
 PSYoungGen      total 15360K, used 2016K [0x00000000eef00000, 0x00000000f0000000, 0x0000000100000000)
  eden space 13312K, 0% used [0x00000000eef00000,0x00000000eef00000,0x00000000efc00000)
  from space 2048K, 98% used [0x00000000efe00000,0x00000000efff8020,0x00000000f0000000)
  to   space 2048K, 0% used [0x00000000efc00000,0x00000000efc00000,0x00000000efe00000)
 ParOldGen       total 35840K, used 2727K [0x00000000ccc00000, 0x00000000cef00000, 0x00000000eef00000)
  object space 35840K, 7% used [0x00000000ccc00000,0x00000000ccea9c18,0x00000000cef00000)
 Metaspace       used 14728K, capacity 15242K, committed 15488K, reserved 1062912K
  class space    used 1993K, capacity 2158K, committed 2176K, reserved 1048576K
}

