# JRE version: Java(TM) SE Runtime Environment (8.0_72-b15) (build 1.8.0_72-b15)
# Java VM: Java HotSpot(TM) 64-Bit Server VM (25.72-b15 mixed mode windows-amd64 compressed oops)
Heap:
 PSYoungGen      total 15360K, used 3631K [0x00000000eef00000, 0x00000000f0000000, 0x0000000100000000)
  eden space 13312K, 12% used [0x00000000eef00000,0x00000000ef093be8,0x00000000efc00000)
  from space 2048K, 98% used [0x00000000efc00000,0x00000000efdf8020,0x00000000efe00000)
  to   space 2048K, 0% used [0x00000000efe00000,0x00000000efe00000,0x00000000f0000000)
 ParOldGen       total 35840K, used 8814K [0x00000000ccc00000, 0x00000000cef00000, 0x00000000eef00000)
  object space 35840K, 24% used [0x00000000ccc00000,0x00000000cd49b920,0x00000000cef00000)
 Metaspace       used 17911K, capacity 18526K, committed 18816K, reserved 1064960K
  class space    used 2413K, capacity 2582K, committed 2688K, reserved 1048576K
GC Heap History (6 events):
Event: 2.659 GC heap before
{Heap before GC invocations=1 (full 0):
 PSYoungGen      total 15360K, used 13312K [0x00000000eef00000, 0x00000000f0000000, 0x0000000100000000)
  eden space 13312K, 100% used [0x00000000eef00000,0x00000000efc00000,0x00000000efc00000)
  from space 2048K, 0% used [0x00000000efe00000,0x00000000efe00000,0x00000000f0000000)
  to   space 2048K, 0% used [0x00000000efc00000,0x00000000efc00000,0x00000000efe00000)
 ParOldGen       total 35840K, used 0K [0x00000000ccc00000, 0x00000000cef00000, 0x00000000eef00000)
  object space 35840K, 0% used [0x00000000ccc00000,0x00000000ccc00000,0x00000000cef00000)
 Metaspace       used 9248K, capacity 9544K, committed 9728K, reserved 1058816K
  class space    used 1099K, capacity 1198K, committed 1280K, reserved 1048576K
Event: 2.665 GC heap after
Heap after GC invocations=1 (full 0):
 PSYoungGen      total 15360K, used 2016K [0x00000000eef00000, 0x00000000f0000000, 0x0000000100000000)
  eden space 13312K, 0% used [0x00000000eef00000,0x00000000eef00000,0x00000000efc00000)
  from space 2048K, 98% used [0x00000000efc00000,0x00000000efdf8020,0x00000000efe00000)
  to   space 2048K, 0% used [0x00000000efe00000,0x00000000efe00000,0x00000000f0000000)
 ParOldGen       total 35840K, used 446K [0x00000000ccc00000, 0x00000000cef00000, 0x00000000eef00000)
  object space 35840K, 1% used [0x00000000ccc00000,0x00000000ccc6f988,0x00000000cef00000)
 Metaspace       used 9248K, capacity 9544K, committed 9728K, reserved 1058816K
  class space    used 1099K, capacity 1198K, committed 1280K, reserved 1048576K
}
Event: 3.193 GC heap before
{Heap before GC invocations=2 (full 0):
 PSYoungGen      total 15360K, used 15328K [0x00000000eef00000, 0x00000000f0000000, 0x0000000100000000)
  eden space 13312K, 100% used [0x00000000eef00000,0x00000000efc00000,0x00000000efc00000)
  from space 2048K, 98% used [0x00000000efc00000,0x00000000efdf8020,0x00000000efe00000)
  to   space 2048K, 0% used [0x00000000efe00000,0x00000000efe00000,0x00000000f0000000)
 ParOldGen       total 35840K, used 446K [0x00000000ccc00000, 0x00000000cef00000, 0x00000000eef00000)
  object space 35840K, 1% used [0x00000000ccc00000,0x00000000ccc6f988,0x00000000cef00000)
 Metaspace       used 14747K, capacity 15236K, committed 15488K, reserved 1062912K
  class space    used 1999K, capacity 2157K, committed 2176K, reserved 1048576K
Event: 3.204 GC heap after
Heap after GC invocations=2 (full 0):
 PSYoungGen      total 15360K, used 2032K [0x00000000eef00000, 0x00000000f0d00000, 0x0000000100000000)
  eden space 13312K, 0% used [0x00000000eef00000,0x00000000eef00000,0x00000000efc00000)
  from space 2048K, 99% used [0x00000000efe00000,0x00000000efffc030,0x00000000f0000000)
  to   space 2048K, 0% used [0x00000000efc00000,0x00000000efc00000,0x00000000efe00000)
 ParOldGen       total 35840K, used 2672K [0x00000000ccc00000, 0x00000000cef00000, 0x00000000eef00000)
  object space 35840K, 7% used [0x00000000ccc00000,0x00000000cce9c030,0x00000000cef00000)
 Metaspace       used 14747K, capacity 15236K, committed 15488K, reserved 1062912K
  class space    used 1999K, capacity 2157K, committed 2176K, reserved 1048576K
}
Event: 9.007 GC heap before
{Heap before GC invocations=3 (full 0):
 PSYoungGen      total 15360K, used 15344K [0x00000000eef00000, 0x00000000f0d00000, 0x0000000100000000)
  eden space 13312K, 100% used [0x00000000eef00000,0x00000000efc00000,0x00000000efc00000)
  from space 2048K, 99% used [0x00000000efe00000,0x00000000efffc030,0x00000000f0000000)
  to   space 2048K, 0% used [0x00000000efc00000,0x00000000efc00000,0x00000000efe00000)
 ParOldGen       total 35840K, used 2672K [0x00000000ccc00000, 0x00000000cef00000, 0x00000000eef00000)
  object space 35840K, 7% used [0x00000000ccc00000,0x00000000cce9c030,0x00000000cef00000)
 Metaspace       used 17809K, capacity 18494K, committed 18816K, reserved 1064960K
  class space    used 2406K, capacity 2576K, committed 2688K, reserved 1048576K
Event: 9.029 GC heap after
Heap after GC invocations=3 (full 0):
 PSYoungGen      total 15360K, used 2016K [0x00000000eef00000, 0x00000000f0000000, 0x0000000100000000)
  eden space 13312K, 0% used [0x00000000eef00000,0x00000000eef00000,0x00000000efc00000)
  from space 2048K, 98% used [0x00000000efc00000,0x00000000efdf8020,0x00000000efe00000)
  to   space 2048K, 0% used [0x00000000efe00000,0x00000000efe00000,0x00000000f0000000)
 ParOldGen       total 35840K, used 8814K [0x00000000ccc00000, 0x00000000cef00000, 0x00000000eef00000)
  object space 35840K, 24% used [0x00000000ccc00000,0x00000000cd49b920,0x00000000cef00000)
 Metaspace       used 17809K, capacity 18494K, committed 18816K, reserved 1064960K
  class space    used 2406K, capacity 2576K, committed 2688K, reserved 1048576K
}

